added manifest
adding: Game/(in = 0) (out= 0)(stored 0%)
adding: Game/GameController.class(in = 7545) (out= 3969)(deflated 47%)
adding: Game/NumpuzTiles$1.class(in = 1346) (out= 879)(deflated 34%)
adding: Game/NumpuzTiles.class(in = 3933) (out= 2317)(deflated 41%)
adding: game-jar.err(in = 0) (out= 0)(stored 0%)
adding: game-jar.out(in = 320) (out= 161)(deflated 49%)
adding: Images/(in = 0) (out= 0)(stored 0%)
adding: Images/game.png(in = 301444) (out= 300842)(deflated 0%)
adding: Images/gameabout.png(in = 311368) (out= 310694)(deflated 0%)
adding: Images/gamecfg.png(in = 301444) (out= 300842)(deflated 0%)
adding: Images/gameend.png(in = 271949) (out= 271190)(deflated 0%)
adding: Images/gameerr.png(in = 274465) (out= 273673)(deflated 0%)
adding: Images/gamelogo.png(in = 8626) (out= 8631)(deflated 0%)
adding: Images/gamewinner.png(in = 274368) (out= 273569)(deflated 0%)
adding: Images/iconabt.png(in = 1401) (out= 1380)(deflated 1%)
adding: Images/iconcol.png(in = 960) (out= 927)(deflated 3%)
adding: Images/iconext.png(in = 1101) (out= 1076)(deflated 2%)
adding: Images/iconnew.png(in = 1390) (out= 1374)(deflated 1%)
adding: Images/iconsol.png(in = 1372) (out= 1353)(deflated 1%)
adding: Main/(in = 0) (out= 0)(stored 0%)
adding: Main/GameController.class(in = 8078) (out= 4149)(deflated 48%)
adding: Main/NumPuz.class(in = 391) (out= 291)(deflated 25%)
adding: Main/NumpuzTiles$1.class(in = 1359) (out= 893)(deflated 34%)
adding: Main/NumpuzTiles.class(in = 4733) (out= 2718)(deflated 42%)
