added manifest
adding: Images/(in = 0) (out= 0)(stored 0%)
adding: Images/game.png(in = 301444) (out= 300842)(deflated 0%)
adding: Images/gameabout.png(in = 311368) (out= 310694)(deflated 0%)
adding: Images/gamecfg.png(in = 301444) (out= 300842)(deflated 0%)
adding: Images/gameend.png(in = 271949) (out= 271190)(deflated 0%)
adding: Images/gameerr.png(in = 274465) (out= 273673)(deflated 0%)
adding: Images/gamelogo.png(in = 8626) (out= 8631)(deflated 0%)
adding: Images/gamewinner.png(in = 274368) (out= 273569)(deflated 0%)
adding: Images/iconabt.png(in = 1401) (out= 1380)(deflated 1%)
adding: Images/iconcol.png(in = 960) (out= 927)(deflated 3%)
adding: Images/iconext.png(in = 1101) (out= 1076)(deflated 2%)
adding: Images/iconnew.png(in = 1390) (out= 1374)(deflated 1%)
adding: Images/iconsol.png(in = 1372) (out= 1353)(deflated 1%)
adding: Main/(in = 0) (out= 0)(stored 0%)
adding: Main/GameController.class(in = 472) (out= 314)(deflated 33%)
adding: Main/GameModel.class(in = 372) (out= 264)(deflated 29%)
adding: Main/GameView$1.class(in = 788) (out= 510)(deflated 35%)
adding: Main/GameView$gridTile$1.class(in = 1774) (out= 1117)(deflated 37%)
adding: Main/GameView$gridTile.class(in = 5632) (out= 3283)(deflated 41%)
adding: Main/GameView$splashScreen.class(in = 2343) (out= 1412)(deflated 39%)
adding: Main/GameView.class(in = 12857) (out= 6684)(deflated 48%)
adding: Main/NumPuz.class(in = 783) (out= 474)(deflated 39%)
adding: main-jar.err(in = 0) (out= 0)(stored 0%)
adding: main-jar.out(in = 1508) (out= 414)(deflated 72%)
