added manifest
adding: Images/(in = 0) (out= 0)(stored 0%)
adding: Images/game.png(in = 301444) (out= 300842)(deflated 0%)
adding: Images/gameabout.png(in = 311368) (out= 310694)(deflated 0%)
adding: Images/gamecfg.png(in = 301444) (out= 300842)(deflated 0%)
adding: Images/gameclient.png(in = 346853) (out= 346120)(deflated 0%)
adding: Images/gameend.png(in = 271949) (out= 271190)(deflated 0%)
adding: Images/gameerr.png(in = 274465) (out= 273673)(deflated 0%)
adding: Images/gamelogo.png(in = 8626) (out= 8631)(deflated 0%)
adding: Images/gameserver.png(in = 179209) (out= 178861)(deflated 0%)
adding: Images/gamewinner.png(in = 274368) (out= 273569)(deflated 0%)
adding: Images/iconabt.png(in = 1401) (out= 1380)(deflated 1%)
adding: Images/iconcol.png(in = 960) (out= 927)(deflated 3%)
adding: Images/iconext.png(in = 1101) (out= 1076)(deflated 2%)
adding: Images/iconnew.png(in = 1390) (out= 1374)(deflated 1%)
adding: Images/iconsol.png(in = 1372) (out= 1353)(deflated 1%)
adding: Main/(in = 0) (out= 0)(stored 0%)
adding: Main/Client.class(in = 6226) (out= 3282)(deflated 47%)
adding: Main/ClientView.class(in = 4323) (out= 2293)(deflated 46%)
adding: Main/Game.class(in = 842) (out= 492)(deflated 41%)
adding: Main/GameController.class(in = 472) (out= 317)(deflated 32%)
adding: Main/GameModel.class(in = 835) (out= 427)(deflated 48%)
adding: Main/GameView$1.class(in = 788) (out= 511)(deflated 35%)
adding: Main/GameView$gridTile$1.class(in = 1891) (out= 1174)(deflated 37%)
adding: Main/GameView$gridTile.class(in = 5871) (out= 3392)(deflated 42%)
adding: Main/GameView$splashScreen.class(in = 2343) (out= 1393)(deflated 40%)
adding: Main/GameView.class(in = 13239) (out= 6774)(deflated 48%)
adding: Main/NumPuz.class(in = 678) (out= 404)(deflated 40%)
adding: Main/Server$1.class(in = 795) (out= 511)(deflated 35%)
adding: Main/Server$Worked.class(in = 2773) (out= 1498)(deflated 45%)
adding: Main/Server.class(in = 5540) (out= 2848)(deflated 48%)
adding: Main/ServerView.class(in = 3541) (out= 1950)(deflated 44%)
adding: NumPuz-Client.jar(in = 76238787) (out= 76259579)(deflated 0%)
adding: numpuz-jar.err(in = 0) (out= 0)(stored 0%)
adding: numpuz-jar.out(in = 2365) (out= 603)(deflated 74%)
adding: numpuzserver-jar.out(in = 2242) (out= 583)(deflated 73%)
adding: numpuzsrver-jar.err(in = 0) (out= 0)(stored 0%)
