Loading source files for package Main...
Constructing Javadoc information...
Standard Doclet version 11.0.11
Building tree for all the packages and classes...
Generating doc\Main\Client.html...
Generating doc\Main\ClientView.html...
Generating doc\Main\Game.html...
Generating doc\Main\GameController.html...
Generating doc\Main\GameModel.html...
Generating doc\Main\GameView.html...
Generating doc\Main\GameView.gridTile.html...
Generating doc\Main\GameView.splashScreen.html...
Generating doc\Main\NumPuz.html...
Generating doc\Main\Server.html...
Generating doc\Main\ServerView.html...
Generating doc\Main\package-summary.html...
Generating doc\Main\package-tree.html...
Generating doc\constant-values.html...
Generating doc\serialized-form.html...
Building index for all the packages and classes...
Generating doc\overview-tree.html...
Generating doc\index-all.html...
Building index for all classes...
Generating doc\allclasses-index.html...
Generating doc\allpackages-index.html...
Generating doc\deprecated-list.html...
Building index for all classes...
Generating doc\allclasses.html...
Generating doc\allclasses.html...
Generating doc\index.html...
Generating doc\help-doc.html...
